INFO [2025-07-26 17:17:18,576] [logger.init:101]: Logger başlatıldı - Seviye: DEBUG, Dosya: /workspace/storage/logs/app_2025-07-26.log
INFO [2025-07-26 17:17:27,828] [logger.init:101]: Logger başlatıldı - Seviye: DEBUG, Dosya: /workspace/storage/logs/app_2025-07-26.log
INFO [2025-07-26 17:17:28,033] [logger.init:101]: Logger başlatıldı - Seviye: DEBUG, Dosya: /workspace/storage/logs/app_2025-07-26.log
INFO [2025-07-26 17:32:39,265] [logger.init:101]: Logger başlatıldı - Seviye: DEBUG, Dosya: /workspace/storage/logs/app_2025-07-26.log
INFO [2025-07-26 17:32:39,446] [logger.init:101]: Logger başlatıldı - Seviye: DEBUG, Dosya: /workspace/storage/logs/app_2025-07-26.log
INFO [2025-07-26 17:33:02,617] [logger.init:101]: Logger başlatıldı - Seviye: DEBUG, Dosya: /workspace/storage/logs/app_2025-07-26.log
INFO [2025-07-26 17:33:02,791] [logger.init:101]: Logger başlatıldı - Seviye: DEBUG, Dosya: /workspace/storage/logs/app_2025-07-26.log
INFO [2025-07-26 17:33:47,830] [logger.init:101]: Logger başlatıldı - Seviye: DEBUG, Dosya: /workspace/storage/logs/app_2025-07-26.log
INFO [2025-07-26 17:33:48,012] [logger.init:101]: Logger başlatıldı - Seviye: DEBUG, Dosya: /workspace/storage/logs/app_2025-07-26.log
INFO [2025-07-26 17:34:18,826] [logger.init:101]: Logger başlatıldı - Seviye: DEBUG, Dosya: /workspace/storage/logs/app_2025-07-26.log
INFO [2025-07-26 17:34:19,008] [logger.init:101]: Logger başlatıldı - Seviye: DEBUG, Dosya: /workspace/storage/logs/app_2025-07-26.log
INFO [2025-07-26 17:34:39,597] [logger.init:101]: Logger başlatıldı - Seviye: DEBUG, Dosya: /workspace/storage/logs/app_2025-07-26.log
INFO [2025-07-26 17:34:39,775] [logger.init:101]: Logger başlatıldı - Seviye: DEBUG, Dosya: /workspace/storage/logs/app_2025-07-26.log
INFO [2025-07-26 17:57:16,576] [logger.init:101]: Logger başlatıldı - Seviye: DEBUG, Dosya: /workspace/storage/logs/app_2025-07-26.log
INFO [2025-07-26 17:57:16,787] [logger.init:101]: Logger başlatıldı - Seviye: DEBUG, Dosya: /workspace/storage/logs/app_2025-07-26.log
INFO [2025-07-26 17:58:20,335] [logger.init:101]: Logger başlatıldı - Seviye: DEBUG, Dosya: /workspace/storage/logs/app_2025-07-26.log
INFO [2025-07-26 17:59:39,166] [logger.init:101]: Logger başlatıldı - Seviye: DEBUG, Dosya: /workspace/storage/logs/app_2025-07-26.log
INFO [2025-07-26 18:00:38,673] [logger.init:101]: Logger başlatıldı - Seviye: DEBUG, Dosya: /workspace/storage/logs/app_2025-07-26.log
ERROR [2025-07-26 18:00:42,776] [BaseController.log:238]: Stats error: 'DatabaseConnection' object has no attribute 'cursor'
ERROR [2025-07-26 18:00:43,828] [error_handler._log_error:193]: Hata: 'now' is undefined
Traceback:
Traceback (most recent call last):
  File "/workspace/app/Controllers/HomeController.py", line 65, in index
    return self.page_service.render_page('home/index', data)
           ~~~~~~~~~~~~~~~~~~~~~~~~~~~~~^^^^^^^^^^^^^^^^^^^^
  File "/workspace/core/Services/PageService.py", line 404, in render_page
    return self.render_template(page_name, data)
           ~~~~~~~~~~~~~~~~~~~~^^^^^^^^^^^^^^^^^
  File "/workspace/core/Services/PageService.py", line 352, in render_template
    return render_template(f"{template_name}.html", **merged_data)
  File "/home/ubuntu/.local/lib/python3.13/site-packages/flask/templating.py", line 152, in render_template
    return _render(app, template, context)
  File "/home/ubuntu/.local/lib/python3.13/site-packages/flask/templating.py", line 133, in _render
    rv = template.render(context)
  File "/home/ubuntu/.local/lib/python3.13/site-packages/jinja2/environment.py", line 1295, in render
    self.environment.handle_exception()
    ~~~~~~~~~~~~~~~~~~~~~~~~~~~~~~~~~^^
  File "/home/ubuntu/.local/lib/python3.13/site-packages/jinja2/environment.py", line 942, in handle_exception
    raise rewrite_traceback_stack(source=source)
  File "/workspace/public/Views/home/index.html", line 2, in top-level template code
    {% import "components/_macros.html" as components %}
    ^^^^^^^^^^^^^^^^^^^^^^^^^
  File "/workspace/public/Views/layouts/base_layout.html", line 41, in top-level template code
    {% block body %}
  File "/workspace/public/Views/layouts/base_layout.html", line 82, in block 'body'
    {% block footer %}
    ^^^^^^^^^^^^^
  File "/workspace/public/Views/layouts/base_layout.html", line 83, in block 'footer'
    {% include "components/footer.html" %}
    ^^^^^^^^^
  File "/workspace/public/Views/components/footer.html", line 4, in top-level template code
    © {{ now.year|default('2025') }} {{ app_name|default('PofuAi') }} - Tüm hakları saklıdır.
    ^^^^^^^^^^^^^^^^
  File "/home/ubuntu/.local/lib/python3.13/site-packages/jinja2/environment.py", line 490, in getattr
    return getattr(obj, attribute)
jinja2.exceptions.UndefinedError: 'now' is undefined

Request Info:
  method: GET
  path: /dashboard
  remote_addr: 127.0.0.1
  user_agent: curl/8.12.1
  content_type: UNKNOWN

ERROR [2025-07-26 18:00:43,828] [error_handler._handle_general_error:273]: Hata: 'now' is undefined
ERROR [2025-07-26 18:00:43,829] [error_handler._handle_general_error:274]: Traceback:
Traceback (most recent call last):
  File "/workspace/app/Controllers/HomeController.py", line 65, in index
    return self.page_service.render_page('home/index', data)
           ~~~~~~~~~~~~~~~~~~~~~~~~~~~~~^^^^^^^^^^^^^^^^^^^^
  File "/workspace/core/Services/PageService.py", line 404, in render_page
    return self.render_template(page_name, data)
           ~~~~~~~~~~~~~~~~~~~~^^^^^^^^^^^^^^^^^
  File "/workspace/core/Services/PageService.py", line 352, in render_template
    return render_template(f"{template_name}.html", **merged_data)
  File "/home/ubuntu/.local/lib/python3.13/site-packages/flask/templating.py", line 152, in render_template
    return _render(app, template, context)
  File "/home/ubuntu/.local/lib/python3.13/site-packages/flask/templating.py", line 133, in _render
    rv = template.render(context)
  File "/home/ubuntu/.local/lib/python3.13/site-packages/jinja2/environment.py", line 1295, in render
    self.environment.handle_exception()
    ~~~~~~~~~~~~~~~~~~~~~~~~~~~~~~~~~^^
  File "/home/ubuntu/.local/lib/python3.13/site-packages/jinja2/environment.py", line 942, in handle_exception
    raise rewrite_traceback_stack(source=source)
  File "/workspace/public/Views/home/index.html", line 2, in top-level template code
    {% import "components/_macros.html" as components %}
    ^^^^^^^^^^^^^^^^^^^^^^^^^
  File "/workspace/public/Views/layouts/base_layout.html", line 41, in top-level template code
    {% block body %}
  File "/workspace/public/Views/layouts/base_layout.html", line 82, in block 'body'
    {% block footer %}
    ^^^^^^^^^^^^^
  File "/workspace/public/Views/layouts/base_layout.html", line 83, in block 'footer'
    {% include "components/footer.html" %}
    ^^^^^^^^^
  File "/workspace/public/Views/components/footer.html", line 4, in top-level template code
    © {{ now.year|default('2025') }} {{ app_name|default('PofuAi') }} - Tüm hakları saklıdır.
    ^^^^^^^^^^^^^^^^
  File "/home/ubuntu/.local/lib/python3.13/site-packages/jinja2/environment.py", line 490, in getattr
    return getattr(obj, attribute)
jinja2.exceptions.UndefinedError: 'now' is undefined

INFO [2025-07-26 18:01:02,327] [logger.init:101]: Logger başlatıldı - Seviye: DEBUG, Dosya: /workspace/storage/logs/app_2025-07-26.log
INFO [2025-07-26 18:01:02,504] [logger.init:101]: Logger başlatıldı - Seviye: DEBUG, Dosya: /workspace/storage/logs/app_2025-07-26.log
ERROR [2025-07-26 18:01:05,266] [BaseController.log:238]: Stats error: 'DatabaseConnection' object has no attribute 'cursor'
ERROR [2025-07-26 18:01:06,317] [error_handler._log_error:193]: Hata: 'now' is undefined
Traceback:
Traceback (most recent call last):
  File "/workspace/app/Controllers/HomeController.py", line 65, in index
    return self.page_service.render_page('home/index', data)
           ~~~~~~~~~~~~~~~~~~~~~~~~~~~~~^^^^^^^^^^^^^^^^^^^^
  File "/workspace/core/Services/PageService.py", line 404, in render_page
    return self.render_template(page_name, data)
           ~~~~~~~~~~~~~~~~~~~~^^^^^^^^^^^^^^^^^
  File "/workspace/core/Services/PageService.py", line 352, in render_template
    return render_template(f"{template_name}.html", **merged_data)
  File "/home/ubuntu/.local/lib/python3.13/site-packages/flask/templating.py", line 152, in render_template
    return _render(app, template, context)
  File "/home/ubuntu/.local/lib/python3.13/site-packages/flask/templating.py", line 133, in _render
    rv = template.render(context)
  File "/home/ubuntu/.local/lib/python3.13/site-packages/jinja2/environment.py", line 1295, in render
    self.environment.handle_exception()
    ~~~~~~~~~~~~~~~~~~~~~~~~~~~~~~~~~^^
  File "/home/ubuntu/.local/lib/python3.13/site-packages/jinja2/environment.py", line 942, in handle_exception
    raise rewrite_traceback_stack(source=source)
  File "/workspace/public/Views/home/index.html", line 2, in top-level template code
    {% import "components/_macros.html" as components %}
    ^^^^^^^^^^^^^^^^^^^^^^^^^
  File "/workspace/public/Views/layouts/base_layout.html", line 41, in top-level template code
    {% block body %}
  File "/workspace/public/Views/layouts/base_layout.html", line 82, in block 'body'
    {% block footer %}
    ^^^^^^^^^^^^^
  File "/workspace/public/Views/layouts/base_layout.html", line 83, in block 'footer'
    {% include "components/footer.html" %}
    ^^^^^^^^^
  File "/workspace/public/Views/components/footer.html", line 4, in top-level template code
    © {{ now.year|default('2025') }} {{ app_name|default('PofuAi') }} - Tüm hakları saklıdır.
    ^^^^^^^^^^^^^^^^
  File "/home/ubuntu/.local/lib/python3.13/site-packages/jinja2/environment.py", line 490, in getattr
    return getattr(obj, attribute)
jinja2.exceptions.UndefinedError: 'now' is undefined

Request Info:
  method: GET
  path: /dashboard
  remote_addr: 127.0.0.1
  user_agent: curl/8.12.1
  content_type: UNKNOWN

ERROR [2025-07-26 18:01:06,318] [error_handler._handle_general_error:273]: Hata: 'now' is undefined
ERROR [2025-07-26 18:01:06,318] [error_handler._handle_general_error:274]: Traceback:
Traceback (most recent call last):
  File "/workspace/app/Controllers/HomeController.py", line 65, in index
    return self.page_service.render_page('home/index', data)
           ~~~~~~~~~~~~~~~~~~~~~~~~~~~~~^^^^^^^^^^^^^^^^^^^^
  File "/workspace/core/Services/PageService.py", line 404, in render_page
    return self.render_template(page_name, data)
           ~~~~~~~~~~~~~~~~~~~~^^^^^^^^^^^^^^^^^
  File "/workspace/core/Services/PageService.py", line 352, in render_template
    return render_template(f"{template_name}.html", **merged_data)
  File "/home/ubuntu/.local/lib/python3.13/site-packages/flask/templating.py", line 152, in render_template
    return _render(app, template, context)
  File "/home/ubuntu/.local/lib/python3.13/site-packages/flask/templating.py", line 133, in _render
    rv = template.render(context)
  File "/home/ubuntu/.local/lib/python3.13/site-packages/jinja2/environment.py", line 1295, in render
    self.environment.handle_exception()
    ~~~~~~~~~~~~~~~~~~~~~~~~~~~~~~~~~^^
  File "/home/ubuntu/.local/lib/python3.13/site-packages/jinja2/environment.py", line 942, in handle_exception
    raise rewrite_traceback_stack(source=source)
  File "/workspace/public/Views/home/index.html", line 2, in top-level template code
    {% import "components/_macros.html" as components %}
    ^^^^^^^^^^^^^^^^^^^^^^^^^
  File "/workspace/public/Views/layouts/base_layout.html", line 41, in top-level template code
    {% block body %}
  File "/workspace/public/Views/layouts/base_layout.html", line 82, in block 'body'
    {% block footer %}
    ^^^^^^^^^^^^^
  File "/workspace/public/Views/layouts/base_layout.html", line 83, in block 'footer'
    {% include "components/footer.html" %}
    ^^^^^^^^^
  File "/workspace/public/Views/components/footer.html", line 4, in top-level template code
    © {{ now.year|default('2025') }} {{ app_name|default('PofuAi') }} - Tüm hakları saklıdır.
    ^^^^^^^^^^^^^^^^
  File "/home/ubuntu/.local/lib/python3.13/site-packages/jinja2/environment.py", line 490, in getattr
    return getattr(obj, attribute)
jinja2.exceptions.UndefinedError: 'now' is undefined

INFO [2025-07-26 18:01:54,977] [logger.init:101]: Logger başlatıldı - Seviye: DEBUG, Dosya: /workspace/storage/logs/app_2025-07-26.log
INFO [2025-07-26 18:03:08,617] [logger.init:101]: Logger başlatıldı - Seviye: DEBUG, Dosya: /workspace/storage/logs/app_2025-07-26.log
INFO [2025-07-26 18:03:08,786] [logger.init:101]: Logger başlatıldı - Seviye: DEBUG, Dosya: /workspace/storage/logs/app_2025-07-26.log
ERROR [2025-07-26 18:03:14,746] [BaseController.log:238]: Stats error: 'DatabaseConnection' object has no attribute 'cursor'
INFO [2025-07-26 18:36:39,108] [logger.init:101]: Logger başlatıldı - Seviye: DEBUG, Dosya: /workspace/storage/logs/app_2025-07-26.log
INFO [2025-07-26 18:36:52,577] [logger.init:101]: Logger başlatıldı - Seviye: DEBUG, Dosya: /workspace/storage/logs/app_2025-07-26.log
INFO [2025-07-26 18:37:10,121] [logger.init:101]: Logger başlatıldı - Seviye: DEBUG, Dosya: /workspace/storage/logs/app_2025-07-26.log
INFO [2025-07-26 18:37:10,330] [logger.init:101]: Logger başlatıldı - Seviye: DEBUG, Dosya: /workspace/storage/logs/app_2025-07-26.log
INFO [2025-07-26 18:38:29,869] [logger.init:101]: Logger başlatıldı - Seviye: DEBUG, Dosya: /workspace/storage/logs/app_2025-07-26.log
INFO [2025-07-26 18:40:06,682] [logger.init:101]: Logger başlatıldı - Seviye: DEBUG, Dosya: /workspace/storage/logs/app_2025-07-26.log
INFO [2025-07-26 18:40:23,036] [logger.init:101]: Logger başlatıldı - Seviye: DEBUG, Dosya: /workspace/storage/logs/app_2025-07-26.log
INFO [2025-07-26 18:40:23,201] [logger.init:101]: Logger başlatıldı - Seviye: DEBUG, Dosya: /workspace/storage/logs/app_2025-07-26.log
ERROR [2025-07-26 18:40:29,284] [error_handler._log_error:193]: Hata: admin.content.index.html
Traceback:
Traceback (most recent call last):
  File "/workspace/app/Controllers/ContentController.py", line 47, in index
    return self.view('admin.content.index', data)
           ~~~~~~~~~^^^^^^^^^^^^^^^^^^^^^^^^^^^^^
  File "/workspace/app/Controllers/BaseController.py", line 194, in view
    return render_template(f"{template}.html", **data)
  File "/home/ubuntu/.local/lib/python3.13/site-packages/flask/templating.py", line 149, in render_template
    template = app.jinja_env.get_or_select_template(template_name_or_list)
  File "/home/ubuntu/.local/lib/python3.13/site-packages/jinja2/environment.py", line 1087, in get_or_select_template
    return self.get_template(template_name_or_list, parent, globals)
           ~~~~~~~~~~~~~~~~~^^^^^^^^^^^^^^^^^^^^^^^^^^^^^^^^^^^^^^^^
  File "/home/ubuntu/.local/lib/python3.13/site-packages/jinja2/environment.py", line 1016, in get_template
    return self._load_template(name, globals)
           ~~~~~~~~~~~~~~~~~~~^^^^^^^^^^^^^^^
  File "/home/ubuntu/.local/lib/python3.13/site-packages/jinja2/environment.py", line 975, in _load_template
    template = self.loader.load(self, name, self.make_globals(globals))
  File "/home/ubuntu/.local/lib/python3.13/site-packages/jinja2/loaders.py", line 126, in load
    source, filename, uptodate = self.get_source(environment, name)
                                 ~~~~~~~~~~~~~~~^^^^^^^^^^^^^^^^^^^
  File "/home/ubuntu/.local/lib/python3.13/site-packages/flask/templating.py", line 65, in get_source
    return self._get_source_fast(environment, template)
           ~~~~~~~~~~~~~~~~~~~~~^^^^^^^^^^^^^^^^^^^^^^^
  File "/home/ubuntu/.local/lib/python3.13/site-packages/flask/templating.py", line 99, in _get_source_fast
    raise TemplateNotFound(template)
jinja2.exceptions.TemplateNotFound: admin.content.index.html

Request Info:
  method: GET
  path: /admin/content
  remote_addr: 127.0.0.1
  user_agent: curl/8.12.1
  content_type: UNKNOWN

ERROR [2025-07-26 18:40:29,285] [error_handler._handle_general_error:273]: Hata: admin.content.index.html
ERROR [2025-07-26 18:40:29,285] [error_handler._handle_general_error:274]: Traceback:
Traceback (most recent call last):
  File "/workspace/app/Controllers/ContentController.py", line 47, in index
    return self.view('admin.content.index', data)
           ~~~~~~~~~^^^^^^^^^^^^^^^^^^^^^^^^^^^^^
  File "/workspace/app/Controllers/BaseController.py", line 194, in view
    return render_template(f"{template}.html", **data)
  File "/home/ubuntu/.local/lib/python3.13/site-packages/flask/templating.py", line 149, in render_template
    template = app.jinja_env.get_or_select_template(template_name_or_list)
  File "/home/ubuntu/.local/lib/python3.13/site-packages/jinja2/environment.py", line 1087, in get_or_select_template
    return self.get_template(template_name_or_list, parent, globals)
           ~~~~~~~~~~~~~~~~~^^^^^^^^^^^^^^^^^^^^^^^^^^^^^^^^^^^^^^^^
  File "/home/ubuntu/.local/lib/python3.13/site-packages/jinja2/environment.py", line 1016, in get_template
    return self._load_template(name, globals)
           ~~~~~~~~~~~~~~~~~~~^^^^^^^^^^^^^^^
  File "/home/ubuntu/.local/lib/python3.13/site-packages/jinja2/environment.py", line 975, in _load_template
    template = self.loader.load(self, name, self.make_globals(globals))
  File "/home/ubuntu/.local/lib/python3.13/site-packages/jinja2/loaders.py", line 126, in load
    source, filename, uptodate = self.get_source(environment, name)
                                 ~~~~~~~~~~~~~~~^^^^^^^^^^^^^^^^^^^
  File "/home/ubuntu/.local/lib/python3.13/site-packages/flask/templating.py", line 65, in get_source
    return self._get_source_fast(environment, template)
           ~~~~~~~~~~~~~~~~~~~~~^^^^^^^^^^^^^^^^^^^^^^^
  File "/home/ubuntu/.local/lib/python3.13/site-packages/flask/templating.py", line 99, in _get_source_fast
    raise TemplateNotFound(template)
jinja2.exceptions.TemplateNotFound: admin.content.index.html

INFO [2025-07-26 18:41:21,652] [logger.init:101]: Logger başlatıldı - Seviye: DEBUG, Dosya: /workspace/storage/logs/app_2025-07-26.log
INFO [2025-07-26 18:41:30,691] [logger.init:101]: Logger başlatıldı - Seviye: DEBUG, Dosya: /workspace/storage/logs/app_2025-07-26.log
INFO [2025-07-26 18:41:30,854] [logger.init:101]: Logger başlatıldı - Seviye: DEBUG, Dosya: /workspace/storage/logs/app_2025-07-26.log
