INFO [2025-07-29 01:11:19,797] [logger.init:101]: Logger başlatıldı - Seviye: DEBUG, Dosya: /workspace/storage/logs/app_2025-07-29.log
INFO [2025-07-29 01:12:51,622] [logger.init:101]: Logger başlatıldı - Seviye: DEBUG, Dosya: /workspace/storage/logs/app_2025-07-29.log
INFO [2025-07-29 01:12:58,112] [logger.init:101]: Logger başlatıldı - Seviye: DEBUG, Dosya: /workspace/storage/logs/app_2025-07-29.log
INFO [2025-07-29 01:13:47,099] [logger.init:101]: Logger başlatıldı - Seviye: DEBUG, Dosya: /workspace/storage/logs/app_2025-07-29.log
INFO [2025-07-29 01:13:58,676] [logger.init:101]: Logger başlatıldı - Seviye: DEBUG, Dosya: /workspace/storage/logs/app_2025-07-29.log
INFO [2025-07-29 01:14:15,736] [logger.init:101]: Logger başlatıldı - Seviye: DEBUG, Dosya: /workspace/storage/logs/app_2025-07-29.log
INFO [2025-07-29 05:53:54,904] [logger.init:101]: Logger başlatıldı - Seviye: DEBUG, Dosya: /workspace/storage/logs/app_2025-07-29.log
INFO [2025-07-29 05:53:55,018] [test_system.test_services:146]: Test log message
INFO [2025-07-29 05:57:03,230] [logger.init:101]: Logger başlatıldı - Seviye: DEBUG, Dosya: /workspace/storage/logs/app_2025-07-29.log
INFO [2025-07-29 05:57:03,429] [test_system.test_services:146]: Test log message
INFO [2025-07-29 05:58:53,755] [logger.init:101]: Logger başlatıldı - Seviye: DEBUG, Dosya: /workspace/storage/logs/app_2025-07-29.log
INFO [2025-07-29 05:58:54,664] [test_system.test_services:146]: Test log message
INFO [2025-07-29 05:59:21,027] [logger.init:101]: Logger başlatıldı - Seviye: DEBUG, Dosya: /workspace/storage/logs/app_2025-07-29.log
INFO [2025-07-29 05:59:21,827] [ai_core.__init__:131]: AI Core başlatıldı - Device: cpu
INFO [2025-07-29 05:59:21,828] [ai_core.__init__:132]: AI Status: {'torch_available': False, 'transformers_available': False, 'numpy_available': True}
INFO [2025-07-29 05:59:21,828] [ai_core._initialize_services:149]: AI servisleri başlatıldı
INFO [2025-07-29 05:59:21,846] [test_system.test_services:146]: Test log message
INFO [2025-07-29 06:00:15,743] [logger.init:101]: Logger başlatıldı - Seviye: DEBUG, Dosya: /workspace/storage/logs/app_2025-07-29.log
INFO [2025-07-29 06:00:16,582] [ai_core.__init__:131]: AI Core başlatıldı - Device: cpu
INFO [2025-07-29 06:00:16,582] [ai_core.__init__:132]: AI Status: {'torch_available': False, 'transformers_available': False, 'numpy_available': True}
INFO [2025-07-29 06:00:16,583] [ai_core._initialize_services:149]: AI servisleri başlatıldı
INFO [2025-07-29 06:00:16,593] [test_system.test_services:146]: Test log message
INFO [2025-07-29 06:00:40,878] [logger.init:101]: Logger başlatıldı - Seviye: DEBUG, Dosya: /workspace/storage/logs/app_2025-07-29.log
INFO [2025-07-29 06:00:41,695] [ai_core.__init__:131]: AI Core başlatıldı - Device: cpu
INFO [2025-07-29 06:00:41,695] [ai_core.__init__:132]: AI Status: {'torch_available': False, 'transformers_available': False, 'numpy_available': True}
INFO [2025-07-29 06:00:41,695] [ai_core._initialize_services:149]: AI servisleri başlatıldı
INFO [2025-07-29 06:00:41,707] [image_recognition.__init__:204]: Image Recognition Service başlatıldı
INFO [2025-07-29 06:00:41,707] [content_categorizer.__init__:58]: Content Categorizer Service başlatıldı
INFO [2025-07-29 06:00:41,707] [content_categorizer._train_models:702]: ML modelleri eğitiliyor...
INFO [2025-07-29 06:00:41,707] [content_categorizer._train_models:707]: ML modelleri eğitildi
INFO [2025-07-29 06:00:41,707] [user_content_manager.__init__:66]: User Content Manager Service başlatıldı
INFO [2025-07-29 06:00:41,707] [smart_storage.__init__:94]: Smart Storage Service başlatıldı
INFO [2025-07-29 06:00:41,707] [AIController.__init__:43]: AI Controller başlatıldı
INFO [2025-07-29 06:00:41,709] [ai_routes.register_ai_routes:371]: AI routes kaydedildi
INFO [2025-07-29 06:00:41,750] [advanced_ai_core._initialize_advanced_models:284]: BLIP görsel açıklama modeli yüklendi
INFO [2025-07-29 06:00:41,750] [advanced_ai_core._initialize_advanced_models:296]: Metin üretimi modeli yüklendi
INFO [2025-07-29 06:00:41,750] [advanced_ai_core._initialize_advanced_models:303]: Stil transfer modeli hazırlandı
ERROR [2025-07-29 06:00:41,750] [advanced_ai_core._initialize_advanced_models:313]: Gelişmiş AI modelleri yüklenirken hata: 'AdvancedAICore' object has no attribute '_extract_dominant_colors'
INFO [2025-07-29 06:00:41,751] [test_system.test_services:146]: Test log message
INFO [2025-07-29 06:01:51,467] [logger.init:101]: Logger başlatıldı - Seviye: DEBUG, Dosya: /workspace/storage/logs/app_2025-07-29.log
INFO [2025-07-29 06:01:52,330] [ai_core.__init__:131]: AI Core başlatıldı - Device: cpu
INFO [2025-07-29 06:01:52,330] [ai_core.__init__:132]: AI Status: {'torch_available': False, 'transformers_available': False, 'numpy_available': True}
INFO [2025-07-29 06:01:52,330] [ai_core._initialize_services:149]: AI servisleri başlatıldı
INFO [2025-07-29 06:01:52,336] [image_recognition.__init__:204]: Image Recognition Service başlatıldı
INFO [2025-07-29 06:01:52,336] [content_categorizer.__init__:58]: Content Categorizer Service başlatıldı
INFO [2025-07-29 06:01:52,336] [content_categorizer._train_models:702]: ML modelleri eğitiliyor...
INFO [2025-07-29 06:01:52,336] [content_categorizer._train_models:707]: ML modelleri eğitildi
INFO [2025-07-29 06:01:52,336] [user_content_manager.__init__:66]: User Content Manager Service başlatıldı
INFO [2025-07-29 06:01:52,336] [smart_storage.__init__:94]: Smart Storage Service başlatıldı
INFO [2025-07-29 06:01:52,336] [AIController.__init__:43]: AI Controller başlatıldı
INFO [2025-07-29 06:01:52,339] [ai_routes.register_ai_routes:371]: AI routes kaydedildi
INFO [2025-07-29 06:01:52,376] [advanced_ai_core._initialize_advanced_models:284]: BLIP görsel açıklama modeli yüklendi
INFO [2025-07-29 06:01:52,376] [advanced_ai_core._initialize_advanced_models:296]: Metin üretimi modeli yüklendi
INFO [2025-07-29 06:01:52,376] [advanced_ai_core._initialize_advanced_models:303]: Stil transfer modeli hazırlandı
INFO [2025-07-29 06:01:52,376] [advanced_ai_core._initialize_advanced_models:310]: Gelişmiş AI modelleri başarıyla yüklendi
INFO [2025-07-29 06:01:52,376] [advanced_ai_core.__init__:275]: Advanced AI Core başlatıldı
INFO [2025-07-29 06:01:52,376] [AdvancedAIController.__init__:39]: Advanced AI Controller başlatıldı
INFO [2025-07-29 06:01:52,379] [app.<module>:66]: Gelişmiş AI route'ları başarıyla kaydedildi
INFO [2025-07-29 06:01:52,392] [enterprise_ai_system._initialize_enterprise_models:559]: CLIP modeli yüklendi
INFO [2025-07-29 06:01:52,393] [enterprise_ai_system._initialize_enterprise_models:571]: Gelişmiş metin üretimi modeli yüklendi
INFO [2025-07-29 06:01:52,393] [enterprise_ai_system._initialize_enterprise_models:582]: Çeviri modeli yüklendi
INFO [2025-07-29 06:01:52,393] [enterprise_ai_system._initialize_enterprise_models:593]: Sentiment analizi modeli yüklendi
INFO [2025-07-29 06:01:52,393] [enterprise_ai_system._initialize_enterprise_models:600]: Nesne tanıma modeli yüklendi
ERROR [2025-07-29 06:01:52,393] [enterprise_ai_system._initialize_enterprise_models:613]: Enterprise AI modelleri yüklenirken hata: 'EnterpriseAISystem' object has no attribute '_init_brand_color_analyzer'
ERROR [2025-07-29 06:01:52,393] [app.<module>:80]: Kurumsal AI route'ları kaydedilirken hata: 'EnterpriseAISystem' object has no attribute '_init_brand_color_analyzer'
INFO [2025-07-29 06:01:52,401] [test_system.test_services:146]: Test log message
INFO [2025-07-29 06:03:58,670] [logger.init:101]: Logger başlatıldı - Seviye: DEBUG, Dosya: /workspace/storage/logs/app_2025-07-29.log
INFO [2025-07-29 06:03:59,498] [ai_core.__init__:131]: AI Core başlatıldı - Device: cpu
INFO [2025-07-29 06:03:59,498] [ai_core.__init__:132]: AI Status: {'torch_available': False, 'transformers_available': False, 'numpy_available': True}
INFO [2025-07-29 06:03:59,498] [ai_core._initialize_services:149]: AI servisleri başlatıldı
INFO [2025-07-29 06:03:59,503] [image_recognition.__init__:204]: Image Recognition Service başlatıldı
INFO [2025-07-29 06:03:59,503] [content_categorizer.__init__:58]: Content Categorizer Service başlatıldı
INFO [2025-07-29 06:03:59,503] [content_categorizer._train_models:702]: ML modelleri eğitiliyor...
INFO [2025-07-29 06:03:59,503] [content_categorizer._train_models:707]: ML modelleri eğitildi
INFO [2025-07-29 06:03:59,503] [user_content_manager.__init__:66]: User Content Manager Service başlatıldı
INFO [2025-07-29 06:03:59,503] [smart_storage.__init__:94]: Smart Storage Service başlatıldı
INFO [2025-07-29 06:03:59,503] [AIController.__init__:43]: AI Controller başlatıldı
INFO [2025-07-29 06:03:59,506] [ai_routes.register_ai_routes:371]: AI routes kaydedildi
INFO [2025-07-29 06:03:59,534] [advanced_ai_core._initialize_advanced_models:284]: BLIP görsel açıklama modeli yüklendi
INFO [2025-07-29 06:03:59,534] [advanced_ai_core._initialize_advanced_models:296]: Metin üretimi modeli yüklendi
INFO [2025-07-29 06:03:59,534] [advanced_ai_core._initialize_advanced_models:303]: Stil transfer modeli hazırlandı
INFO [2025-07-29 06:03:59,534] [advanced_ai_core._initialize_advanced_models:310]: Gelişmiş AI modelleri başarıyla yüklendi
INFO [2025-07-29 06:03:59,534] [advanced_ai_core.__init__:275]: Advanced AI Core başlatıldı
INFO [2025-07-29 06:03:59,534] [AdvancedAIController.__init__:39]: Advanced AI Controller başlatıldı
INFO [2025-07-29 06:03:59,540] [app.<module>:66]: Gelişmiş AI route'ları başarıyla kaydedildi
INFO [2025-07-29 06:03:59,547] [enterprise_ai_system._initialize_enterprise_models:559]: CLIP modeli yüklendi
INFO [2025-07-29 06:03:59,547] [enterprise_ai_system._initialize_enterprise_models:571]: Gelişmiş metin üretimi modeli yüklendi
INFO [2025-07-29 06:03:59,547] [enterprise_ai_system._initialize_enterprise_models:582]: Çeviri modeli yüklendi
INFO [2025-07-29 06:03:59,548] [enterprise_ai_system._initialize_enterprise_models:593]: Sentiment analizi modeli yüklendi
INFO [2025-07-29 06:03:59,548] [enterprise_ai_system._initialize_enterprise_models:600]: Nesne tanıma modeli yüklendi
INFO [2025-07-29 06:03:59,548] [enterprise_ai_system._initialize_enterprise_models:610]: Enterprise AI modelleri başarıyla yüklendi
ERROR [2025-07-29 06:03:59,548] [enterprise_ai_system._initialize_integrations:632]: Entegrasyonlar başlatılırken hata: 'MockAiohttp' object has no attribute 'ClientSession'
INFO [2025-07-29 06:03:59,548] [enterprise_ai_system.__init__:417]: Enterprise AI System başlatıldı
INFO [2025-07-29 06:03:59,548] [EnterpriseAIController.__init__:40]: Enterprise AI Controller başlatıldı
INFO [2025-07-29 06:03:59,557] [app.<module>:76]: Kurumsal AI route'ları başarıyla kaydedildi
INFO [2025-07-29 06:03:59,565] [test_system.test_services:146]: Test log message
INFO [2025-07-29 06:04:15,173] [logger.init:101]: Logger başlatıldı - Seviye: DEBUG, Dosya: /workspace/storage/logs/app_2025-07-29.log
INFO [2025-07-29 06:04:15,996] [ai_core.__init__:131]: AI Core başlatıldı - Device: cpu
INFO [2025-07-29 06:04:15,996] [ai_core.__init__:132]: AI Status: {'torch_available': False, 'transformers_available': False, 'numpy_available': True}
INFO [2025-07-29 06:04:15,996] [ai_core._initialize_services:149]: AI servisleri başlatıldı
INFO [2025-07-29 06:04:16,002] [image_recognition.__init__:204]: Image Recognition Service başlatıldı
INFO [2025-07-29 06:04:16,002] [content_categorizer.__init__:58]: Content Categorizer Service başlatıldı
INFO [2025-07-29 06:04:16,002] [content_categorizer._train_models:702]: ML modelleri eğitiliyor...
INFO [2025-07-29 06:04:16,002] [content_categorizer._train_models:707]: ML modelleri eğitildi
INFO [2025-07-29 06:04:16,002] [user_content_manager.__init__:66]: User Content Manager Service başlatıldı
INFO [2025-07-29 06:04:16,002] [smart_storage.__init__:94]: Smart Storage Service başlatıldı
INFO [2025-07-29 06:04:16,002] [AIController.__init__:43]: AI Controller başlatıldı
INFO [2025-07-29 06:04:16,004] [ai_routes.register_ai_routes:371]: AI routes kaydedildi
INFO [2025-07-29 06:04:16,034] [advanced_ai_core._initialize_advanced_models:284]: BLIP görsel açıklama modeli yüklendi
INFO [2025-07-29 06:04:16,034] [advanced_ai_core._initialize_advanced_models:296]: Metin üretimi modeli yüklendi
INFO [2025-07-29 06:04:16,034] [advanced_ai_core._initialize_advanced_models:303]: Stil transfer modeli hazırlandı
INFO [2025-07-29 06:04:16,034] [advanced_ai_core._initialize_advanced_models:310]: Gelişmiş AI modelleri başarıyla yüklendi
INFO [2025-07-29 06:04:16,034] [advanced_ai_core.__init__:275]: Advanced AI Core başlatıldı
INFO [2025-07-29 06:04:16,034] [AdvancedAIController.__init__:39]: Advanced AI Controller başlatıldı
INFO [2025-07-29 06:04:16,040] [app.<module>:66]: Gelişmiş AI route'ları başarıyla kaydedildi
INFO [2025-07-29 06:04:16,042] [enterprise_ai_system._initialize_enterprise_models:559]: CLIP modeli yüklendi
INFO [2025-07-29 06:04:16,042] [enterprise_ai_system._initialize_enterprise_models:571]: Gelişmiş metin üretimi modeli yüklendi
INFO [2025-07-29 06:04:16,042] [enterprise_ai_system._initialize_enterprise_models:582]: Çeviri modeli yüklendi
INFO [2025-07-29 06:04:16,042] [enterprise_ai_system._initialize_enterprise_models:593]: Sentiment analizi modeli yüklendi
INFO [2025-07-29 06:04:16,042] [enterprise_ai_system._initialize_enterprise_models:600]: Nesne tanıma modeli yüklendi
INFO [2025-07-29 06:04:16,042] [enterprise_ai_system._initialize_enterprise_models:610]: Enterprise AI modelleri başarıyla yüklendi
ERROR [2025-07-29 06:04:16,042] [enterprise_ai_system._initialize_integrations:632]: Entegrasyonlar başlatılırken hata: 'MockAiohttp' object has no attribute 'ClientSession'
INFO [2025-07-29 06:04:16,042] [enterprise_ai_system.__init__:417]: Enterprise AI System başlatıldı
INFO [2025-07-29 06:04:16,042] [EnterpriseAIController.__init__:40]: Enterprise AI Controller başlatıldı
INFO [2025-07-29 06:04:16,052] [app.<module>:76]: Kurumsal AI route'ları başarıyla kaydedildi
INFO [2025-07-29 06:04:16,061] [test_system.test_services:146]: Test log message
INFO [2025-07-29 06:04:16,212] [logger.init:101]: Logger başlatıldı - Seviye: DEBUG, Dosya: /workspace/storage/logs/app_2025-07-29.log
INFO [2025-07-29 06:04:16,766] [ai_core.__init__:131]: AI Core başlatıldı - Device: cpu
INFO [2025-07-29 06:04:16,766] [ai_core.__init__:132]: AI Status: {'torch_available': False, 'transformers_available': False, 'numpy_available': True}
INFO [2025-07-29 06:04:16,766] [ai_core._initialize_services:149]: AI servisleri başlatıldı
INFO [2025-07-29 06:04:16,772] [image_recognition.__init__:204]: Image Recognition Service başlatıldı
INFO [2025-07-29 06:04:16,772] [content_categorizer.__init__:58]: Content Categorizer Service başlatıldı
INFO [2025-07-29 06:04:16,772] [content_categorizer._train_models:702]: ML modelleri eğitiliyor...
INFO [2025-07-29 06:04:16,772] [content_categorizer._train_models:707]: ML modelleri eğitildi
INFO [2025-07-29 06:04:16,772] [user_content_manager.__init__:66]: User Content Manager Service başlatıldı
INFO [2025-07-29 06:04:16,772] [smart_storage.__init__:94]: Smart Storage Service başlatıldı
INFO [2025-07-29 06:04:16,772] [AIController.__init__:43]: AI Controller başlatıldı
INFO [2025-07-29 06:04:16,774] [ai_routes.register_ai_routes:371]: AI routes kaydedildi
INFO [2025-07-29 06:04:16,804] [advanced_ai_core._initialize_advanced_models:284]: BLIP görsel açıklama modeli yüklendi
INFO [2025-07-29 06:04:16,804] [advanced_ai_core._initialize_advanced_models:296]: Metin üretimi modeli yüklendi
INFO [2025-07-29 06:04:16,804] [advanced_ai_core._initialize_advanced_models:303]: Stil transfer modeli hazırlandı
INFO [2025-07-29 06:04:16,804] [advanced_ai_core._initialize_advanced_models:310]: Gelişmiş AI modelleri başarıyla yüklendi
INFO [2025-07-29 06:04:16,804] [advanced_ai_core.__init__:275]: Advanced AI Core başlatıldı
INFO [2025-07-29 06:04:16,804] [AdvancedAIController.__init__:39]: Advanced AI Controller başlatıldı
INFO [2025-07-29 06:04:16,807] [app.<module>:66]: Gelişmiş AI route'ları başarıyla kaydedildi
INFO [2025-07-29 06:04:16,809] [enterprise_ai_system._initialize_enterprise_models:559]: CLIP modeli yüklendi
INFO [2025-07-29 06:04:16,809] [enterprise_ai_system._initialize_enterprise_models:571]: Gelişmiş metin üretimi modeli yüklendi
INFO [2025-07-29 06:04:16,809] [enterprise_ai_system._initialize_enterprise_models:582]: Çeviri modeli yüklendi
INFO [2025-07-29 06:04:16,809] [enterprise_ai_system._initialize_enterprise_models:593]: Sentiment analizi modeli yüklendi
INFO [2025-07-29 06:04:16,809] [enterprise_ai_system._initialize_enterprise_models:600]: Nesne tanıma modeli yüklendi
INFO [2025-07-29 06:04:16,809] [enterprise_ai_system._initialize_enterprise_models:610]: Enterprise AI modelleri başarıyla yüklendi
ERROR [2025-07-29 06:04:16,810] [enterprise_ai_system._initialize_integrations:632]: Entegrasyonlar başlatılırken hata: 'MockAiohttp' object has no attribute 'ClientSession'
INFO [2025-07-29 06:04:16,810] [enterprise_ai_system.__init__:417]: Enterprise AI System başlatıldı
INFO [2025-07-29 06:04:16,810] [EnterpriseAIController.__init__:40]: Enterprise AI Controller başlatıldı
INFO [2025-07-29 06:04:16,821] [app.<module>:76]: Kurumsal AI route'ları başarıyla kaydedildi
INFO [2025-07-29 06:04:17,272] [logger.init:101]: Logger başlatıldı - Seviye: DEBUG, Dosya: /workspace/storage/logs/app_2025-07-29.log
INFO [2025-07-29 06:04:18,085] [ai_core.__init__:131]: AI Core başlatıldı - Device: cpu
INFO [2025-07-29 06:04:18,086] [ai_core.__init__:132]: AI Status: {'torch_available': False, 'transformers_available': False, 'numpy_available': True}
INFO [2025-07-29 06:04:18,086] [ai_core._initialize_services:149]: AI servisleri başlatıldı
INFO [2025-07-29 06:04:18,091] [image_recognition.__init__:204]: Image Recognition Service başlatıldı
INFO [2025-07-29 06:04:18,091] [content_categorizer.__init__:58]: Content Categorizer Service başlatıldı
INFO [2025-07-29 06:04:18,091] [content_categorizer._train_models:702]: ML modelleri eğitiliyor...
INFO [2025-07-29 06:04:18,091] [content_categorizer._train_models:707]: ML modelleri eğitildi
INFO [2025-07-29 06:04:18,091] [user_content_manager.__init__:66]: User Content Manager Service başlatıldı
INFO [2025-07-29 06:04:18,092] [smart_storage.__init__:94]: Smart Storage Service başlatıldı
INFO [2025-07-29 06:04:18,092] [AIController.__init__:43]: AI Controller başlatıldı
INFO [2025-07-29 06:04:18,094] [ai_routes.register_ai_routes:371]: AI routes kaydedildi
INFO [2025-07-29 06:04:18,126] [advanced_ai_core._initialize_advanced_models:284]: BLIP görsel açıklama modeli yüklendi
INFO [2025-07-29 06:04:18,126] [advanced_ai_core._initialize_advanced_models:296]: Metin üretimi modeli yüklendi
INFO [2025-07-29 06:04:18,126] [advanced_ai_core._initialize_advanced_models:303]: Stil transfer modeli hazırlandı
INFO [2025-07-29 06:04:18,126] [advanced_ai_core._initialize_advanced_models:310]: Gelişmiş AI modelleri başarıyla yüklendi
INFO [2025-07-29 06:04:18,126] [advanced_ai_core.__init__:275]: Advanced AI Core başlatıldı
INFO [2025-07-29 06:04:18,127] [AdvancedAIController.__init__:39]: Advanced AI Controller başlatıldı
INFO [2025-07-29 06:04:18,132] [app.<module>:66]: Gelişmiş AI route'ları başarıyla kaydedildi
INFO [2025-07-29 06:04:18,135] [enterprise_ai_system._initialize_enterprise_models:559]: CLIP modeli yüklendi
INFO [2025-07-29 06:04:18,135] [enterprise_ai_system._initialize_enterprise_models:571]: Gelişmiş metin üretimi modeli yüklendi
INFO [2025-07-29 06:04:18,135] [enterprise_ai_system._initialize_enterprise_models:582]: Çeviri modeli yüklendi
INFO [2025-07-29 06:04:18,135] [enterprise_ai_system._initialize_enterprise_models:593]: Sentiment analizi modeli yüklendi
INFO [2025-07-29 06:04:18,135] [enterprise_ai_system._initialize_enterprise_models:600]: Nesne tanıma modeli yüklendi
INFO [2025-07-29 06:04:18,135] [enterprise_ai_system._initialize_enterprise_models:610]: Enterprise AI modelleri başarıyla yüklendi
ERROR [2025-07-29 06:04:18,135] [enterprise_ai_system._initialize_integrations:632]: Entegrasyonlar başlatılırken hata: 'MockAiohttp' object has no attribute 'ClientSession'
INFO [2025-07-29 06:04:18,135] [enterprise_ai_system.__init__:417]: Enterprise AI System başlatıldı
INFO [2025-07-29 06:04:18,135] [EnterpriseAIController.__init__:40]: Enterprise AI Controller başlatıldı
INFO [2025-07-29 06:04:18,145] [app.<module>:76]: Kurumsal AI route'ları başarıyla kaydedildi
INFO [2025-07-29 06:04:18,155] [test_system.test_services:146]: Test log message
INFO [2025-07-29 06:04:18,306] [logger.init:101]: Logger başlatıldı - Seviye: DEBUG, Dosya: /workspace/storage/logs/app_2025-07-29.log
INFO [2025-07-29 06:04:18,830] [ai_core.__init__:131]: AI Core başlatıldı - Device: cpu
INFO [2025-07-29 06:04:18,830] [ai_core.__init__:132]: AI Status: {'torch_available': False, 'transformers_available': False, 'numpy_available': True}
INFO [2025-07-29 06:04:18,830] [ai_core._initialize_services:149]: AI servisleri başlatıldı
INFO [2025-07-29 06:04:18,835] [image_recognition.__init__:204]: Image Recognition Service başlatıldı
INFO [2025-07-29 06:04:18,835] [content_categorizer.__init__:58]: Content Categorizer Service başlatıldı
INFO [2025-07-29 06:04:18,835] [content_categorizer._train_models:702]: ML modelleri eğitiliyor...
INFO [2025-07-29 06:04:18,835] [content_categorizer._train_models:707]: ML modelleri eğitildi
INFO [2025-07-29 06:04:18,835] [user_content_manager.__init__:66]: User Content Manager Service başlatıldı
INFO [2025-07-29 06:04:18,835] [smart_storage.__init__:94]: Smart Storage Service başlatıldı
INFO [2025-07-29 06:04:18,835] [AIController.__init__:43]: AI Controller başlatıldı
INFO [2025-07-29 06:04:18,837] [ai_routes.register_ai_routes:371]: AI routes kaydedildi
INFO [2025-07-29 06:04:18,864] [advanced_ai_core._initialize_advanced_models:284]: BLIP görsel açıklama modeli yüklendi
INFO [2025-07-29 06:04:18,864] [advanced_ai_core._initialize_advanced_models:296]: Metin üretimi modeli yüklendi
INFO [2025-07-29 06:04:18,864] [advanced_ai_core._initialize_advanced_models:303]: Stil transfer modeli hazırlandı
INFO [2025-07-29 06:04:18,864] [advanced_ai_core._initialize_advanced_models:310]: Gelişmiş AI modelleri başarıyla yüklendi
INFO [2025-07-29 06:04:18,864] [advanced_ai_core.__init__:275]: Advanced AI Core başlatıldı
INFO [2025-07-29 06:04:18,864] [AdvancedAIController.__init__:39]: Advanced AI Controller başlatıldı
INFO [2025-07-29 06:04:18,867] [app.<module>:66]: Gelişmiş AI route'ları başarıyla kaydedildi
INFO [2025-07-29 06:04:18,869] [enterprise_ai_system._initialize_enterprise_models:559]: CLIP modeli yüklendi
INFO [2025-07-29 06:04:18,869] [enterprise_ai_system._initialize_enterprise_models:571]: Gelişmiş metin üretimi modeli yüklendi
INFO [2025-07-29 06:04:18,869] [enterprise_ai_system._initialize_enterprise_models:582]: Çeviri modeli yüklendi
INFO [2025-07-29 06:04:18,869] [enterprise_ai_system._initialize_enterprise_models:593]: Sentiment analizi modeli yüklendi
INFO [2025-07-29 06:04:18,869] [enterprise_ai_system._initialize_enterprise_models:600]: Nesne tanıma modeli yüklendi
INFO [2025-07-29 06:04:18,869] [enterprise_ai_system._initialize_enterprise_models:610]: Enterprise AI modelleri başarıyla yüklendi
ERROR [2025-07-29 06:04:18,869] [enterprise_ai_system._initialize_integrations:632]: Entegrasyonlar başlatılırken hata: 'MockAiohttp' object has no attribute 'ClientSession'
INFO [2025-07-29 06:04:18,869] [enterprise_ai_system.__init__:417]: Enterprise AI System başlatıldı
INFO [2025-07-29 06:04:18,870] [EnterpriseAIController.__init__:40]: Enterprise AI Controller başlatıldı
INFO [2025-07-29 06:04:18,881] [app.<module>:76]: Kurumsal AI route'ları başarıyla kaydedildi
